<?xml version="1.0" encoding="UTF-8"?>
<!-- Generated by org.testng.reporters.JUnitXMLReporter -->
<testsuite hostname="ACLI9" name="Test" tests="1" failures="1" timestamp="3 Jul 2018 14:43:48 GMT" time="14.889" errors="0">
  <testcase name="testValidLogin" time="0.962" classname="scripts.ValidLogin">
    <failure type="java.lang.NullPointerException">
      <![CDATA[java.lang.NullPointerException
	at org.openqa.selenium.support.pagefactory.DefaultElementLocator.findElement(DefaultElementLocator.java:69)
	at org.openqa.selenium.support.pagefactory.internal.LocatingElementHandler.invoke(LocatingElementHandler.java:38)
	at com.sun.proxy.$Proxy7.sendKeys(Unknown Source)
	at pom.LoginPageforRediff.setusername(LoginPageforRediff.java:27)
	at scripts.ValidLogin.testValidLogin(ValidLogin.java:17)
... Removed 24 stack frames]]>
    </failure>
  </testcase> <!-- testValidLogin -->
</testsuite> <!-- Test -->
