<?xml version="1.0" encoding="UTF-8"?>
<testng-results skipped="0" failed="0" total="1" passed="1">
  <reporter-output>
  </reporter-output>
  <suite name="Default suite" duration-ms="22805" started-at="2018-06-06T11:27:14Z" finished-at="2018-06-06T11:27:37Z">
    <groups>
    </groups>
    <test name="Default test" duration-ms="22805" started-at="2018-06-06T11:27:14Z" finished-at="2018-06-06T11:27:37Z">
      <class name="scripts.Rediff">
        <test-method status="PASS" signature="openApplication()[pri:0, instance:scripts.Rediff@56f4468b]" name="openApplication" is-config="true" duration-ms="20011" started-at="2018-06-06T16:57:14Z" finished-at="2018-06-06T16:57:34Z">
          <reporter-output>
          </reporter-output>
        </test-method> <!-- openApplication -->
        <test-method status="PASS" signature="testRediff()[pri:0, instance:scripts.Rediff@56f4468b]" name="testRediff" duration-ms="2779" started-at="2018-06-06T16:57:34Z" finished-at="2018-06-06T16:57:37Z">
          <reporter-output>
          </reporter-output>
        </test-method> <!-- testRediff -->
        <test-method status="PASS" signature="closeApplication()[pri:0, instance:scripts.Rediff@56f4468b]" name="closeApplication" is-config="true" duration-ms="0" started-at="2018-06-06T16:57:37Z" finished-at="2018-06-06T16:57:37Z">
          <reporter-output>
          </reporter-output>
        </test-method> <!-- closeApplication -->
      </class> <!-- scripts.Rediff -->
    </test> <!-- Default test -->
  </suite> <!-- Default suite -->
</testng-results>
