<?xml version="1.0" encoding="UTF-8"?>
<testng-results skipped="1" failed="0" total="1" passed="0">
  <reporter-output>
  </reporter-output>
  <suite name="Default suite" duration-ms="31" started-at="2018-07-03T14:45:59Z" finished-at="2018-07-03T14:45:59Z">
    <groups>
    </groups>
    <test name="Default test" duration-ms="31" started-at="2018-07-03T14:45:59Z" finished-at="2018-07-03T14:45:59Z">
      <class name="scripts.ValidLogin">
        <test-method status="SKIP" signature="testValidLogin()[pri:0, instance:scripts.ValidLogin@6cc4c815]" name="testValidLogin" duration-ms="15" started-at="2018-07-03T20:15:59Z" finished-at="2018-07-03T20:15:59Z">
          <reporter-output>
          </reporter-output>
        </test-method> <!-- testValidLogin -->
        <test-method status="FAIL" signature="openApplication(java.lang.String, java.lang.String)[pri:0, instance:scripts.ValidLogin@6cc4c815]" name="openApplication" is-config="true" duration-ms="0" started-at="2018-07-03T20:15:59Z" finished-at="2018-07-03T20:15:59Z">
          <exception class="org.testng.TestNGException">
            <message>
              <![CDATA[
Parameter 'mybrowser' is required by @Configuration on method openApplication but has not been marked @Optional or defined
in C:\Users\acli\AppData\Local\Temp\testng-eclipse--2133219271\testng-customsuite.xml]]>
            </message>
            <full-stacktrace>
              <![CDATA[org.testng.TestNGException: 
Parameter 'mybrowser' is required by @Configuration on method openApplication but has not been marked @Optional or defined
in C:\Users\acli\AppData\Local\Temp\testng-eclipse--2133219271\testng-customsuite.xml
	at org.testng.internal.Parameters.createParameters(Parameters.java:154)
	at org.testng.internal.Parameters.createParameters(Parameters.java:361)
	at org.testng.internal.Parameters.createConfigurationParameters(Parameters.java:84)
	at org.testng.internal.Invoker.invokeConfigurations(Invoker.java:197)
	at org.testng.internal.Invoker.invokeMethod(Invoker.java:585)
	at org.testng.internal.Invoker.invokeTestMethod(Invoker.java:816)
	at org.testng.internal.Invoker.invokeTestMethods(Invoker.java:1124)
	at org.testng.internal.TestMethodWorker.invokeTestMethods(TestMethodWorker.java:125)
	at org.testng.internal.TestMethodWorker.run(TestMethodWorker.java:108)
	at org.testng.TestRunner.privateRun(TestRunner.java:774)
	at org.testng.TestRunner.run(TestRunner.java:624)
	at org.testng.SuiteRunner.runTest(SuiteRunner.java:359)
	at org.testng.SuiteRunner.runSequentially(SuiteRunner.java:354)
	at org.testng.SuiteRunner.privateRun(SuiteRunner.java:312)
	at org.testng.SuiteRunner.run(SuiteRunner.java:261)
	at org.testng.SuiteRunnerWorker.runSuite(SuiteRunnerWorker.java:52)
	at org.testng.SuiteRunnerWorker.run(SuiteRunnerWorker.java:86)
	at org.testng.TestNG.runSuitesSequentially(TestNG.java:1215)
	at org.testng.TestNG.runSuitesLocally(TestNG.java:1140)
	at org.testng.TestNG.run(TestNG.java:1048)
	at org.testng.remote.AbstractRemoteTestNG.run(AbstractRemoteTestNG.java:114)
	at org.testng.remote.RemoteTestNG.initAndRun(RemoteTestNG.java:251)
	at org.testng.remote.RemoteTestNG.main(RemoteTestNG.java:77)
]]>
            </full-stacktrace>
          </exception> <!-- org.testng.TestNGException -->
          <reporter-output>
          </reporter-output>
        </test-method> <!-- openApplication -->
      </class> <!-- scripts.ValidLogin -->
    </test> <!-- Default test -->
  </suite> <!-- Default suite -->
</testng-results>
